{"/Users/charaka/Desktop/Projects/todoapp/src/models/RecurringSchedule.ts": {"path":"/Users/charaka/Desktop/Projects/todoapp/src/models/RecurringSchedule.ts","statementMap":{"0":{"start":{"line":1,"column":0},"end":{"line":1,"column":61}},"1":{"start":{"line":14,"column":40},"end":{"line":30,"column":null}},"2":{"start":{"line":33,"column":0},"end":{"line":36,"column":2}}},"fnMap":{},"branchMap":{},"s":{"0":2,"1":2,"2":2},"f":{},"b":{}}
,"/Users/charaka/Desktop/Projects/todoapp/src/models/Task.ts": {"path":"/Users/charaka/Desktop/Projects/todoapp/src/models/Task.ts","statementMap":{"0":{"start":{"line":1,"column":0},"end":{"line":1,"column":61}},"1":{"start":{"line":11,"column":27},"end":{"line":20,"column":null}},"2":{"start":{"line":23,"column":0},"end":{"line":23,"column":57}}},"fnMap":{},"branchMap":{},"s":{"0":1,"1":1,"2":1},"f":{},"b":{}}
,"/Users/charaka/Desktop/Projects/todoapp/src/services/recurringScheduleService.ts": {"path":"/Users/charaka/Desktop/Projects/todoapp/src/services/recurringScheduleService.ts","statementMap":{"0":{"start":{"line":2,"column":0},"end":{"line":2,"column":60}},"1":{"start":{"line":5,"column":37},"end":{"line":43,"column":2}},"2":{"start":{"line":8,"column":2},"end":{"line":8,"column":null}},"3":{"start":{"line":9,"column":2},"end":{"line":9,"column":null}},"4":{"start":{"line":11,"column":8},"end":{"line":11,"column":41}},"5":{"start":{"line":13,"column":2},"end":{"line":15,"column":3}},"6":{"start":{"line":14,"column":4},"end":{"line":14,"column":58}},"7":{"start":{"line":17,"column":2},"end":{"line":19,"column":3}},"8":{"start":{"line":18,"column":4},"end":{"line":18,"column":31}},"9":{"start":{"line":21,"column":8},"end":{"line":21,"column":52}},"10":{"start":{"line":24,"column":8},"end":{"line":24,"column":34}},"11":{"start":{"line":27,"column":16},"end":{"line":27,"column":null}},"12":{"start":{"line":27,"column":8},"end":{"line":27,"column":null}},"13":{"start":{"line":28,"column":8},"end":{"line":28,"column":46}},"14":{"start":{"line":31,"column":20},"end":{"line":36,"column":null}},"15":{"start":{"line":31,"column":8},"end":{"line":36,"column":null}},"16":{"start":{"line":38,"column":2},"end":{"line":42,"column":4}},"17":{"start":{"line":5,"column":13},"end":{"line":5,"column":37}},"18":{"start":{"line":45,"column":40},"end":{"line":47,"column":2}},"19":{"start":{"line":45,"column":57},"end":{"line":47,"column":2}},"20":{"start":{"line":46,"column":2},"end":{"line":46,"column":40}},"21":{"start":{"line":45,"column":13},"end":{"line":45,"column":40}},"22":{"start":{"line":49,"column":39},"end":{"line":51,"column":2}},"23":{"start":{"line":49,"column":67},"end":{"line":51,"column":2}},"24":{"start":{"line":50,"column":2},"end":{"line":50,"column":70}},"25":{"start":{"line":49,"column":13},"end":{"line":49,"column":39}},"26":{"start":{"line":53,"column":39},"end":{"line":55,"column":2}},"27":{"start":{"line":53,"column":56},"end":{"line":55,"column":2}},"28":{"start":{"line":54,"column":2},"end":{"line":54,"column":49}},"29":{"start":{"line":53,"column":13},"end":{"line":53,"column":39}}},"fnMap":{"0":{"name":"(anonymous_15)","decl":{"start":{"line":5,"column":37},"end":{"line":5,"column":null}},"loc":{"start":{"line":5,"column":37},"end":{"line":43,"column":2}}},"1":{"name":"(anonymous_18)","decl":{"start":{"line":45,"column":40},"end":{"line":45,"column":47}},"loc":{"start":{"line":45,"column":57},"end":{"line":47,"column":2}}},"2":{"name":"(anonymous_19)","decl":{"start":{"line":45,"column":57},"end":{"line":45,"column":null}},"loc":{"start":{"line":45,"column":57},"end":{"line":47,"column":2}}},"3":{"name":"(anonymous_21)","decl":{"start":{"line":49,"column":39},"end":{"line":49,"column":46}},"loc":{"start":{"line":49,"column":67},"end":{"line":51,"column":2}}},"4":{"name":"(anonymous_22)","decl":{"start":{"line":49,"column":67},"end":{"line":49,"column":null}},"loc":{"start":{"line":49,"column":67},"end":{"line":51,"column":2}}},"5":{"name":"(anonymous_24)","decl":{"start":{"line":53,"column":39},"end":{"line":53,"column":46}},"loc":{"start":{"line":53,"column":56},"end":{"line":55,"column":2}}},"6":{"name":"(anonymous_25)","decl":{"start":{"line":53,"column":56},"end":{"line":53,"column":null}},"loc":{"start":{"line":53,"column":56},"end":{"line":55,"column":2}}}},"branchMap":{"0":{"loc":{"start":{"line":8,"column":2},"end":{"line":8,"column":null}},"type":"if","locations":[{"start":{"line":8,"column":2},"end":{"line":8,"column":null}}]},"1":{"loc":{"start":{"line":9,"column":2},"end":{"line":9,"column":null}},"type":"if","locations":[{"start":{"line":9,"column":2},"end":{"line":9,"column":null}}]},"2":{"loc":{"start":{"line":13,"column":2},"end":{"line":15,"column":3}},"type":"if","locations":[{"start":{"line":13,"column":2},"end":{"line":15,"column":3}}]},"3":{"loc":{"start":{"line":17,"column":2},"end":{"line":19,"column":3}},"type":"if","locations":[{"start":{"line":17,"column":2},"end":{"line":19,"column":3}}]}},"s":{"0":1,"1":1,"2":3,"3":3,"4":2,"5":2,"6":1,"7":2,"8":1,"9":2,"10":2,"11":2,"12":2,"13":2,"14":2,"15":2,"16":2,"17":1,"18":1,"19":1,"20":1,"21":1,"22":1,"23":1,"24":1,"25":1,"26":1,"27":1,"28":1,"29":1},"f":{"0":2,"1":1,"2":1,"3":1,"4":1,"5":1,"6":1},"b":{"0":[1],"1":[1],"2":[1],"3":[1]}}
,"/Users/charaka/Desktop/Projects/todoapp/src/services/taskService.ts": {"path":"/Users/charaka/Desktop/Projects/todoapp/src/services/taskService.ts","statementMap":{"0":{"start":{"line":1,"column":0},"end":{"line":1,"column":45}},"1":{"start":{"line":2,"column":0},"end":{"line":2,"column":null}},"2":{"start":{"line":5,"column":0},"end":{"line":5,"column":28}},"3":{"start":{"line":6,"column":0},"end":{"line":6,"column":33}},"4":{"start":{"line":7,"column":0},"end":{"line":7,"column":51}},"5":{"start":{"line":31,"column":24},"end":{"line":83,"column":2}},"6":{"start":{"line":32,"column":26},"end":{"line":83,"column":2}},"7":{"start":{"line":40,"column":8},"end":{"line":40,"column":61}},"8":{"start":{"line":43,"column":2},"end":{"line":43,"column":62}},"9":{"start":{"line":44,"column":2},"end":{"line":44,"column":79}},"10":{"start":{"line":46,"column":8},"end":{"line":46,"column":41}},"11":{"start":{"line":48,"column":2},"end":{"line":50,"column":3}},"12":{"start":{"line":49,"column":4},"end":{"line":49,"column":52}},"13":{"start":{"line":52,"column":2},"end":{"line":54,"column":3}},"14":{"start":{"line":53,"column":4},"end":{"line":53,"column":31}},"15":{"start":{"line":56,"column":2},"end":{"line":58,"column":3}},"16":{"start":{"line":57,"column":4},"end":{"line":57,"column":33}},"17":{"start":{"line":61,"column":8},"end":{"line":61,"column":34}},"18":{"start":{"line":64,"column":16},"end":{"line":67,"column":null}},"19":{"start":{"line":64,"column":8},"end":{"line":67,"column":null}},"20":{"start":{"line":70,"column":16},"end":{"line":70,"column":null}},"21":{"start":{"line":70,"column":8},"end":{"line":70,"column":null}},"22":{"start":{"line":73,"column":8},"end":{"line":73,"column":46}},"23":{"start":{"line":76,"column":2},"end":{"line":82,"column":4}},"24":{"start":{"line":31,"column":13},"end":{"line":31,"column":24}},"25":{"start":{"line":85,"column":27},"end":{"line":87,"column":2}},"26":{"start":{"line":85,"column":44},"end":{"line":87,"column":2}},"27":{"start":{"line":86,"column":9},"end":{"line":86,"column":33}},"28":{"start":{"line":86,"column":2},"end":{"line":86,"column":33}},"29":{"start":{"line":85,"column":13},"end":{"line":85,"column":27}},"30":{"start":{"line":89,"column":26},"end":{"line":137,"column":2}},"31":{"start":{"line":89,"column":57},"end":{"line":137,"column":2}},"32":{"start":{"line":90,"column":10},"end":{"line":90,"column":null}},"33":{"start":{"line":93,"column":8},"end":{"line":98,"column":11}},"34":{"start":{"line":96,"column":25},"end":{"line":96,"column":29}},"35":{"start":{"line":97,"column":31},"end":{"line":97,"column":54}},"36":{"start":{"line":100,"column":6},"end":{"line":100,"column":15}},"37":{"start":{"line":101,"column":10},"end":{"line":101,"column":34}},"38":{"start":{"line":103,"column":8},"end":{"line":107,"column":7}},"39":{"start":{"line":109,"column":11},"end":{"line":109,"column":29}},"40":{"start":{"line":109,"column":4},"end":{"line":109,"column":29}},"41":{"start":{"line":111,"column":10},"end":{"line":113,"column":16}},"42":{"start":{"line":114,"column":10},"end":{"line":122,"column":7}},"43":{"start":{"line":124,"column":4},"end":{"line":124,"column":35}},"44":{"start":{"line":125,"column":4},"end":{"line":125,"column":16}},"45":{"start":{"line":127,"column":8},"end":{"line":132,"column":7}},"46":{"start":{"line":134,"column":11},"end":{"line":134,"column":29}},"47":{"start":{"line":134,"column":4},"end":{"line":134,"column":29}},"48":{"start":{"line":135,"column":4},"end":{"line":135,"column":16}},"49":{"start":{"line":89,"column":13},"end":{"line":89,"column":26}},"50":{"start":{"line":139,"column":26},"end":{"line":168,"column":2}},"51":{"start":{"line":141,"column":26},"end":{"line":168,"column":2}},"52":{"start":{"line":143,"column":10},"end":{"line":143,"column":38}},"53":{"start":{"line":144,"column":6},"end":{"line":144,"column":15}},"54":{"start":{"line":145,"column":21},"end":{"line":145,"column":null}},"55":{"start":{"line":145,"column":10},"end":{"line":145,"column":null}},"56":{"start":{"line":146,"column":8},"end":{"line":146,"column":17}},"57":{"start":{"line":147,"column":23},"end":{"line":147,"column":null}},"58":{"start":{"line":147,"column":12},"end":{"line":147,"column":null}},"59":{"start":{"line":148,"column":12},"end":{"line":151,"column":9}},"60":{"start":{"line":149,"column":24},"end":{"line":149,"column":60}},"61":{"start":{"line":149,"column":45},"end":{"line":149,"column":60}},"62":{"start":{"line":150,"column":8},"end":{"line":150,"column":45}},"63":{"start":{"line":153,"column":6},"end":{"line":157,"column":7}},"64":{"start":{"line":154,"column":8},"end":{"line":156,"column":10}},"65":{"start":{"line":160,"column":4},"end":{"line":164,"column":5}},"66":{"start":{"line":161,"column":6},"end":{"line":163,"column":8}},"67":{"start":{"line":167,"column":9},"end":{"line":167,"column":67}},"68":{"start":{"line":167,"column":2},"end":{"line":167,"column":67}},"69":{"start":{"line":139,"column":13},"end":{"line":139,"column":26}},"70":{"start":{"line":170,"column":26},"end":{"line":188,"column":2}},"71":{"start":{"line":170,"column":43},"end":{"line":188,"column":2}},"72":{"start":{"line":172,"column":2},"end":{"line":182,"column":4}},"73":{"start":{"line":185,"column":2},"end":{"line":185,"column":79}},"74":{"start":{"line":187,"column":9},"end":{"line":187,"column":42}},"75":{"start":{"line":187,"column":2},"end":{"line":187,"column":42}},"76":{"start":{"line":170,"column":13},"end":{"line":170,"column":26}}},"fnMap":{"0":{"name":"(anonymous_14)","decl":{"start":{"line":31,"column":24},"end":{"line":31,"column":null}},"loc":{"start":{"line":32,"column":26},"end":{"line":83,"column":2}}},"1":{"name":"(anonymous_15)","decl":{"start":{"line":32,"column":26},"end":{"line":32,"column":null}},"loc":{"start":{"line":32,"column":26},"end":{"line":83,"column":2}}},"2":{"name":"(anonymous_17)","decl":{"start":{"line":85,"column":27},"end":{"line":85,"column":34}},"loc":{"start":{"line":85,"column":44},"end":{"line":87,"column":2}}},"3":{"name":"(anonymous_18)","decl":{"start":{"line":85,"column":44},"end":{"line":85,"column":null}},"loc":{"start":{"line":85,"column":44},"end":{"line":87,"column":2}}},"4":{"name":"(anonymous_20)","decl":{"start":{"line":89,"column":26},"end":{"line":89,"column":33}},"loc":{"start":{"line":89,"column":57},"end":{"line":137,"column":2}}},"5":{"name":"(anonymous_21)","decl":{"start":{"line":89,"column":57},"end":{"line":89,"column":null}},"loc":{"start":{"line":89,"column":57},"end":{"line":137,"column":2}}},"6":{"name":"(anonymous_23)","decl":{"start":{"line":96,"column":18},"end":{"line":96,"column":19}},"loc":{"start":{"line":96,"column":20},"end":{"line":96,"column":26}}},"7":{"name":"(anonymous_24)","decl":{"start":{"line":97,"column":15},"end":{"line":97,"column":16}},"loc":{"start":{"line":97,"column":26},"end":{"line":97,"column":35}}},"8":{"name":"(anonymous_25)","decl":{"start":{"line":139,"column":26},"end":{"line":139,"column":null}},"loc":{"start":{"line":141,"column":26},"end":{"line":168,"column":2}}},"9":{"name":"(anonymous_26)","decl":{"start":{"line":141,"column":26},"end":{"line":141,"column":null}},"loc":{"start":{"line":141,"column":26},"end":{"line":168,"column":2}}},"10":{"name":"(anonymous_28)","decl":{"start":{"line":148,"column":65},"end":{"line":148,"column":66}},"loc":{"start":{"line":148,"column":71},"end":{"line":151,"column":7}}},"11":{"name":"(anonymous_29)","decl":{"start":{"line":149,"column":38},"end":{"line":149,"column":39}},"loc":{"start":{"line":149,"column":40},"end":{"line":149,"column":46}}},"12":{"name":"(anonymous_30)","decl":{"start":{"line":170,"column":26},"end":{"line":170,"column":33}},"loc":{"start":{"line":170,"column":43},"end":{"line":188,"column":2}}},"13":{"name":"(anonymous_31)","decl":{"start":{"line":170,"column":43},"end":{"line":170,"column":null}},"loc":{"start":{"line":170,"column":43},"end":{"line":188,"column":2}}}},"branchMap":{"0":{"loc":{"start":{"line":40,"column":40},"end":{"line":40,"column":46}},"type":"cond-expr","locations":[{"start":{"line":40,"column":43},"end":{"line":40,"column":44}},{"start":{"line":40,"column":44},"end":{"line":40,"column":46}}]},"1":{"loc":{"start":{"line":40,"column":51},"end":{"line":40,"column":61}},"type":"cond-expr","locations":[{"start":{"line":40,"column":54},"end":{"line":40,"column":56}},{"start":{"line":40,"column":56},"end":{"line":40,"column":61}}]},"2":{"loc":{"start":{"line":48,"column":2},"end":{"line":50,"column":3}},"type":"if","locations":[{"start":{"line":48,"column":2},"end":{"line":50,"column":3}}]},"3":{"loc":{"start":{"line":52,"column":2},"end":{"line":54,"column":3}},"type":"if","locations":[{"start":{"line":52,"column":2},"end":{"line":54,"column":3}}]},"4":{"loc":{"start":{"line":56,"column":2},"end":{"line":58,"column":3}},"type":"if","locations":[{"start":{"line":56,"column":2},"end":{"line":58,"column":3}}]},"5":{"loc":{"start":{"line":86,"column":9},"end":{"line":86,"column":33}},"type":"switch","locations":[{"start":{"line":86,"column":9},"end":{"line":86,"column":33}},{"start":{"line":86,"column":2},"end":{"line":86,"column":33}}]},"6":{"loc":{"start":{"line":94,"column":4},"end":{"line":98,"column":10}},"type":"cond-expr","locations":[{"start":{"line":95,"column":8},"end":{"line":97,"column":54}},{"start":{"line":98,"column":8},"end":{"line":98,"column":10}}]},"7":{"loc":{"start":{"line":94,"column":4},"end":{"line":94,"column":43}},"type":"binary-expr","locations":[{"start":{"line":94,"column":4},"end":{"line":94,"column":16}},{"start":{"line":94,"column":20},"end":{"line":94,"column":43}}]},"8":{"loc":{"start":{"line":100,"column":6},"end":{"line":100,"column":15}},"type":"if","locations":[{"start":{"line":100,"column":6},"end":{"line":100,"column":15}}]},"9":{"loc":{"start":{"line":167,"column":9},"end":{"line":167,"column":67}},"type":"switch","locations":[{"start":{"line":167,"column":9},"end":{"line":167,"column":67}},{"start":{"line":167,"column":2},"end":{"line":167,"column":67}}]},"10":{"loc":{"start":{"line":144,"column":6},"end":{"line":144,"column":15}},"type":"if","locations":[{"start":{"line":144,"column":6},"end":{"line":144,"column":15}}]},"11":{"loc":{"start":{"line":144,"column":6},"end":{"line":144,"column":31}},"type":"binary-expr","locations":[{"start":{"line":144,"column":6},"end":{"line":144,"column":15}},{"start":{"line":144,"column":19},"end":{"line":144,"column":31}}]},"12":{"loc":{"start":{"line":146,"column":8},"end":{"line":146,"column":17}},"type":"if","locations":[{"start":{"line":146,"column":8},"end":{"line":146,"column":17}}]},"13":{"loc":{"start":{"line":146,"column":8},"end":{"line":146,"column":null}},"type":"binary-expr","locations":[{"start":{"line":146,"column":8},"end":{"line":146,"column":17}},{"start":{"line":146,"column":21},"end":{"line":146,"column":43}}]},"14":{"loc":{"start":{"line":146,"column":21},"end":{"line":146,"column":43}},"type":"cond-expr","locations":[{"start":{"line":146,"column":29},"end":{"line":146,"column":31}},{"start":{"line":146,"column":21},"end":{"line":146,"column":43}}]},"15":{"loc":{"start":{"line":146,"column":21},"end":{"line":146,"column":31}},"type":"binary-expr","locations":[{"start":{"line":146,"column":21},"end":{"line":146,"column":31}},{"start":{"line":146,"column":21},"end":{"line":146,"column":31}}]},"16":{"loc":{"start":{"line":150,"column":15},"end":{"line":150,"column":44}},"type":"binary-expr","locations":[{"start":{"line":150,"column":15},"end":{"line":150,"column":22}},{"start":{"line":150,"column":26},"end":{"line":150,"column":44}}]},"17":{"loc":{"start":{"line":153,"column":6},"end":{"line":157,"column":7}},"type":"if","locations":[{"start":{"line":153,"column":6},"end":{"line":157,"column":7}}]},"18":{"loc":{"start":{"line":160,"column":4},"end":{"line":164,"column":5}},"type":"if","locations":[{"start":{"line":160,"column":4},"end":{"line":164,"column":5}}]},"19":{"loc":{"start":{"line":160,"column":8},"end":{"line":160,"column":45}},"type":"binary-expr","locations":[{"start":{"line":160,"column":8},"end":{"line":160,"column":20}},{"start":{"line":160,"column":24},"end":{"line":160,"column":43}}]},"20":{"loc":{"start":{"line":160,"column":24},"end":{"line":160,"column":43}},"type":"cond-expr","locations":[{"start":{"line":160,"column":32},"end":{"line":160,"column":34}},{"start":{"line":160,"column":24},"end":{"line":160,"column":43}}]},"21":{"loc":{"start":{"line":160,"column":24},"end":{"line":160,"column":34}},"type":"binary-expr","locations":[{"start":{"line":160,"column":24},"end":{"line":160,"column":34}},{"start":{"line":160,"column":24},"end":{"line":160,"column":34}}]},"22":{"loc":{"start":{"line":187,"column":2},"end":{"line":187,"column":42}},"type":"switch","locations":[{"start":{"line":187,"column":2},"end":{"line":187,"column":42}}]}},"s":{"0":1,"1":1,"2":1,"3":1,"4":1,"5":1,"6":1,"7":1,"8":1,"9":1,"10":1,"11":1,"12":1,"13":1,"14":1,"15":1,"16":1,"17":1,"18":1,"19":1,"20":1,"21":1,"22":1,"23":1,"24":1,"25":1,"26":1,"27":1,"28":1,"29":1,"30":1,"31":1,"32":1,"33":1,"34":1,"35":1,"36":1,"37":1,"38":1,"39":1,"40":1,"41":1,"42":1,"43":2,"44":1,"45":0,"46":0,"47":0,"48":0,"49":1,"50":1,"51":2,"52":2,"53":2,"54":2,"55":2,"56":3,"57":1,"58":1,"59":1,"60":1,"61":1,"62":1,"63":1,"64":0,"65":2,"66":1,"67":1,"68":1,"69":1,"70":1,"71":1,"72":2,"73":2,"74":1,"75":1,"76":1},"f":{"0":1,"1":1,"2":1,"3":1,"4":1,"5":1,"6":1,"7":1,"8":2,"9":2,"10":1,"11":1,"12":1,"13":1},"b":{"0":[0,1],"1":[0,1],"2":[1],"3":[1],"4":[1],"5":[1,1],"6":[1,0],"7":[1,1],"8":[0],"9":[1,1],"10":[0],"11":[2,1],"12":[1],"13":[2,1],"14":[0,1],"15":[1,1],"16":[1,0],"17":[0],"18":[1],"19":[2,1],"20":[0,1],"21":[1,1],"22":[1]}}
}
