TN:
SF:src/models/RecurringSchedule.ts
FNF:0
FNH:0
DA:1,2
DA:14,2
DA:33,2
LF:3
LH:3
BRF:0
BRH:0
end_of_record
TN:
SF:src/models/Task.ts
FNF:0
FNH:0
DA:1,1
DA:11,1
DA:23,1
LF:3
LH:3
BRF:0
BRH:0
end_of_record
TN:
SF:src/services/recurringScheduleService.ts
FN:5,(anonymous_15)
FN:45,(anonymous_18)
FN:45,(anonymous_19)
FN:49,(anonymous_21)
FN:49,(anonymous_22)
FN:53,(anonymous_24)
FN:53,(anonymous_25)
FNF:7
FNH:7
FNDA:2,(anonymous_15)
FNDA:1,(anonymous_18)
FNDA:1,(anonymous_19)
FNDA:1,(anonymous_21)
FNDA:1,(anonymous_22)
FNDA:1,(anonymous_24)
FNDA:1,(anonymous_25)
DA:2,1
DA:5,1
DA:8,3
DA:9,3
DA:11,2
DA:13,2
DA:14,1
DA:17,2
DA:18,1
DA:21,2
DA:24,2
DA:27,2
DA:28,2
DA:31,2
DA:38,2
DA:45,1
DA:46,1
DA:49,1
DA:50,1
DA:53,1
DA:54,1
LF:21
LH:21
BRDA:8,0,0,1
BRDA:9,1,0,1
BRDA:13,2,0,1
BRDA:17,3,0,1
BRF:4
BRH:4
end_of_record
TN:
SF:src/services/taskService.ts
FN:31,(anonymous_14)
FN:32,(anonymous_15)
FN:85,(anonymous_17)
FN:85,(anonymous_18)
FN:89,(anonymous_20)
FN:89,(anonymous_21)
FN:96,(anonymous_23)
FN:97,(anonymous_24)
FN:139,(anonymous_25)
FN:141,(anonymous_26)
FN:148,(anonymous_28)
FN:149,(anonymous_29)
FN:170,(anonymous_30)
FN:170,(anonymous_31)
FNF:14
FNH:14
FNDA:1,(anonymous_14)
FNDA:1,(anonymous_15)
FNDA:1,(anonymous_17)
FNDA:1,(anonymous_18)
FNDA:1,(anonymous_20)
FNDA:1,(anonymous_21)
FNDA:1,(anonymous_23)
FNDA:1,(anonymous_24)
FNDA:2,(anonymous_25)
FNDA:2,(anonymous_26)
FNDA:1,(anonymous_28)
FNDA:1,(anonymous_29)
FNDA:1,(anonymous_30)
FNDA:1,(anonymous_31)
DA:1,1
DA:2,1
DA:5,1
DA:6,1
DA:7,1
DA:31,1
DA:32,1
DA:40,1
DA:43,1
DA:44,1
DA:46,1
DA:48,1
DA:49,1
DA:52,1
DA:53,1
DA:56,1
DA:57,1
DA:61,1
DA:64,1
DA:70,1
DA:73,1
DA:76,1
DA:85,1
DA:86,1
DA:89,1
DA:90,1
DA:93,1
DA:96,1
DA:97,1
DA:100,1
DA:101,1
DA:103,1
DA:109,1
DA:111,1
DA:114,1
DA:124,2
DA:125,1
DA:127,0
DA:134,0
DA:135,0
DA:139,1
DA:141,2
DA:143,2
DA:144,2
DA:145,2
DA:146,3
DA:147,1
DA:148,1
DA:149,1
DA:150,1
DA:153,1
DA:154,0
DA:160,2
DA:161,1
DA:167,1
DA:170,1
DA:172,2
DA:185,2
DA:187,1
LF:59
LH:55
BRDA:40,0,0,0
BRDA:40,0,1,1
BRDA:40,1,0,0
BRDA:40,1,1,1
BRDA:48,2,0,1
BRDA:52,3,0,1
BRDA:56,4,0,1
BRDA:86,5,0,1
BRDA:86,5,1,1
BRDA:94,6,0,1
BRDA:94,6,1,0
BRDA:94,7,0,1
BRDA:94,7,1,1
BRDA:100,8,0,0
BRDA:167,9,0,1
BRDA:167,9,1,1
BRDA:144,10,0,0
BRDA:144,11,0,2
BRDA:144,11,1,1
BRDA:146,12,0,1
BRDA:146,13,0,2
BRDA:146,13,1,1
BRDA:146,14,0,0
BRDA:146,14,1,1
BRDA:146,15,0,1
BRDA:146,15,1,1
BRDA:150,16,0,1
BRDA:150,16,1,0
BRDA:153,17,0,0
BRDA:160,18,0,1
BRDA:160,19,0,2
BRDA:160,19,1,1
BRDA:160,20,0,0
BRDA:160,20,1,1
BRDA:160,21,0,1
BRDA:160,21,1,1
BRDA:187,22,0,1
BRF:37
BRH:28
end_of_record
